<?xml version="1.0" encoding="UTF-8"?>
<testsuite xmlns:xsi="http://www.w3.org/2001/XMLSchema-instance" xsi:noNamespaceSchemaLocation="https://maven.apache.org/surefire/maven-surefire-plugin/xsd/surefire-test-report.xsd" name="contract.AppTest" time="0.029" tests="1" errors="0" skipped="0" failures="0">
  <properties>
    <property name="sun.desktop" value="windows"/>
    <property name="awt.toolkit" value="sun.awt.windows.WToolkit"/>
    <property name="java.specification.version" value="11"/>
    <property name="sun.cpu.isalist" value="amd64"/>
    <property name="sun.jnu.encoding" value="GBK"/>
    <property name="java.class.path" value="c:\Users\Rayj\Desktop\chain33_solo_linux_0670237\common\target\test-classes;c:\Users\Rayj\Desktop\chain33_solo_linux_0670237\common\target\classes;C:\Users\Rayj\.m2\repository\junit\junit\4.11\junit-4.11.jar;C:\Users\Rayj\.m2\repository\org\hamcrest\hamcrest-core\1.3\hamcrest-core-1.3.jar;C:\Users\Rayj\.m2\repository\org\web3j\core\4.9.8\core-4.9.8.jar;C:\Users\Rayj\.m2\repository\org\web3j\abi\4.9.8\abi-4.9.8.jar;C:\Users\Rayj\.m2\repository\org\web3j\utils\4.9.8\utils-4.9.8.jar;C:\Users\Rayj\.m2\repository\org\bouncycastle\bcprov-jdk15on\1.70\bcprov-jdk15on-1.70.jar;C:\Users\Rayj\.m2\repository\org\web3j\crypto\4.9.8\crypto-4.9.8.jar;C:\Users\Rayj\.m2\repository\org\web3j\rlp\4.9.8\rlp-4.9.8.jar;C:\Users\Rayj\.m2\repository\org\web3j\tuples\4.9.8\tuples-4.9.8.jar;C:\Users\Rayj\.m2\repository\com\github\jnr\jnr-unixsocket\0.38.17\jnr-unixsocket-0.38.17.jar;C:\Users\Rayj\.m2\repository\com\github\jnr\jnr-ffi\2.2.11\jnr-ffi-2.2.11.jar;C:\Users\Rayj\.m2\repository\com\github\jnr\jffi\1.3.9\jffi-1.3.9.jar;C:\Users\Rayj\.m2\repository\com\github\jnr\jffi\1.3.9\jffi-1.3.9-native.jar;C:\Users\Rayj\.m2\repository\org\ow2\asm\asm\9.2\asm-9.2.jar;C:\Users\Rayj\.m2\repository\org\ow2\asm\asm-commons\9.2\asm-commons-9.2.jar;C:\Users\Rayj\.m2\repository\org\ow2\asm\asm-analysis\9.2\asm-analysis-9.2.jar;C:\Users\Rayj\.m2\repository\org\ow2\asm\asm-tree\9.2\asm-tree-9.2.jar;C:\Users\Rayj\.m2\repository\org\ow2\asm\asm-util\9.2\asm-util-9.2.jar;C:\Users\Rayj\.m2\repository\com\github\jnr\jnr-a64asm\1.0.0\jnr-a64asm-1.0.0.jar;C:\Users\Rayj\.m2\repository\com\github\jnr\jnr-x86asm\1.0.2\jnr-x86asm-1.0.2.jar;C:\Users\Rayj\.m2\repository\com\github\jnr\jnr-constants\0.10.3\jnr-constants-0.10.3.jar;C:\Users\Rayj\.m2\repository\com\github\jnr\jnr-enxio\0.32.13\jnr-enxio-0.32.13.jar;C:\Users\Rayj\.m2\repository\com\github\jnr\jnr-posix\3.1.15\jnr-posix-3.1.15.jar;C:\Users\Rayj\.m2\repository\com\squareup\okhttp3\okhttp\4.9.0\okhttp-4.9.0.jar;C:\Users\Rayj\.m2\repository\com\squareup\okio\okio\2.8.0\okio-2.8.0.jar;C:\Users\Rayj\.m2\repository\org\jetbrains\kotlin\kotlin-stdlib-common\1.4.0\kotlin-stdlib-common-1.4.0.jar;C:\Users\Rayj\.m2\repository\org\jetbrains\kotlin\kotlin-stdlib\1.4.10\kotlin-stdlib-1.4.10.jar;C:\Users\Rayj\.m2\repository\org\jetbrains\annotations\13.0\annotations-13.0.jar;C:\Users\Rayj\.m2\repository\com\squareup\okhttp3\logging-interceptor\4.9.0\logging-interceptor-4.9.0.jar;C:\Users\Rayj\.m2\repository\org\jetbrains\kotlin\kotlin-stdlib-jdk8\1.4.10\kotlin-stdlib-jdk8-1.4.10.jar;C:\Users\Rayj\.m2\repository\org\jetbrains\kotlin\kotlin-stdlib-jdk7\1.4.10\kotlin-stdlib-jdk7-1.4.10.jar;C:\Users\Rayj\.m2\repository\io\reactivex\rxjava2\rxjava\2.2.2\rxjava-2.2.2.jar;C:\Users\Rayj\.m2\repository\org\reactivestreams\reactive-streams\1.0.2\reactive-streams-1.0.2.jar;C:\Users\Rayj\.m2\repository\org\java-websocket\Java-WebSocket\1.5.3\Java-WebSocket-1.5.3.jar;C:\Users\Rayj\.m2\repository\com\fasterxml\jackson\core\jackson-databind\2.14.2\jackson-databind-2.14.2.jar;C:\Users\Rayj\.m2\repository\com\fasterxml\jackson\core\jackson-annotations\2.14.2\jackson-annotations-2.14.2.jar;C:\Users\Rayj\.m2\repository\com\fasterxml\jackson\core\jackson-core\2.14.2\jackson-core-2.14.2.jar;C:\Users\Rayj\.m2\repository\org\slf4j\slf4j-api\1.7.30\slf4j-api-1.7.30.jar;C:\Users\Rayj\.m2\repository\com\google\code\gson\gson\2.9.0\gson-2.9.0.jar;C:\Users\Rayj\.m2\repository\com\alibaba\fastjson\1.2.47\fastjson-1.2.47.jar;C:\Users\Rayj\.m2\repository\org\projectlombok\lombok\1.18.4\lombok-1.18.4.jar;"/>
    <property name="java.vm.vendor" value="Microsoft"/>
    <property name="sun.arch.data.model" value="64"/>
    <property name="user.variant" value=""/>
    <property name="java.vendor.url" value="https://www.microsoft.com"/>
    <property name="user.timezone" value="Asia/Shanghai"/>
    <property name="java.vm.specification.version" value="11"/>
    <property name="os.name" value="Windows 11"/>
    <property name="sun.java.launcher" value="SUN_STANDARD"/>
    <property name="user.country" value="CN"/>
    <property name="sun.boot.library.path" value="C:\Program Files\Microsoft\jdk-11.0.16.101-hotspot\bin"/>
    <property name="sun.java.command" value="C:\Users\Rayj\AppData\Local\Temp\surefire2025351139886497931\surefirebooter10388883740349668312.jar C:\Users\Rayj\AppData\Local\Temp\surefire2025351139886497931 2024-05-30T14-51-21_971-jvmRun1 surefire797960113394571161tmp surefire_011933135539297144873tmp"/>
    <property name="jdk.debug" value="release"/>
    <property name="surefire.test.class.path" value="c:\Users\Rayj\Desktop\chain33_solo_linux_0670237\common\target\test-classes;c:\Users\Rayj\Desktop\chain33_solo_linux_0670237\common\target\classes;C:\Users\Rayj\.m2\repository\junit\junit\4.11\junit-4.11.jar;C:\Users\Rayj\.m2\repository\org\hamcrest\hamcrest-core\1.3\hamcrest-core-1.3.jar;C:\Users\Rayj\.m2\repository\org\web3j\core\4.9.8\core-4.9.8.jar;C:\Users\Rayj\.m2\repository\org\web3j\abi\4.9.8\abi-4.9.8.jar;C:\Users\Rayj\.m2\repository\org\web3j\utils\4.9.8\utils-4.9.8.jar;C:\Users\Rayj\.m2\repository\org\bouncycastle\bcprov-jdk15on\1.70\bcprov-jdk15on-1.70.jar;C:\Users\Rayj\.m2\repository\org\web3j\crypto\4.9.8\crypto-4.9.8.jar;C:\Users\Rayj\.m2\repository\org\web3j\rlp\4.9.8\rlp-4.9.8.jar;C:\Users\Rayj\.m2\repository\org\web3j\tuples\4.9.8\tuples-4.9.8.jar;C:\Users\Rayj\.m2\repository\com\github\jnr\jnr-unixsocket\0.38.17\jnr-unixsocket-0.38.17.jar;C:\Users\Rayj\.m2\repository\com\github\jnr\jnr-ffi\2.2.11\jnr-ffi-2.2.11.jar;C:\Users\Rayj\.m2\repository\com\github\jnr\jffi\1.3.9\jffi-1.3.9.jar;C:\Users\Rayj\.m2\repository\com\github\jnr\jffi\1.3.9\jffi-1.3.9-native.jar;C:\Users\Rayj\.m2\repository\org\ow2\asm\asm\9.2\asm-9.2.jar;C:\Users\Rayj\.m2\repository\org\ow2\asm\asm-commons\9.2\asm-commons-9.2.jar;C:\Users\Rayj\.m2\repository\org\ow2\asm\asm-analysis\9.2\asm-analysis-9.2.jar;C:\Users\Rayj\.m2\repository\org\ow2\asm\asm-tree\9.2\asm-tree-9.2.jar;C:\Users\Rayj\.m2\repository\org\ow2\asm\asm-util\9.2\asm-util-9.2.jar;C:\Users\Rayj\.m2\repository\com\github\jnr\jnr-a64asm\1.0.0\jnr-a64asm-1.0.0.jar;C:\Users\Rayj\.m2\repository\com\github\jnr\jnr-x86asm\1.0.2\jnr-x86asm-1.0.2.jar;C:\Users\Rayj\.m2\repository\com\github\jnr\jnr-constants\0.10.3\jnr-constants-0.10.3.jar;C:\Users\Rayj\.m2\repository\com\github\jnr\jnr-enxio\0.32.13\jnr-enxio-0.32.13.jar;C:\Users\Rayj\.m2\repository\com\github\jnr\jnr-posix\3.1.15\jnr-posix-3.1.15.jar;C:\Users\Rayj\.m2\repository\com\squareup\okhttp3\okhttp\4.9.0\okhttp-4.9.0.jar;C:\Users\Rayj\.m2\repository\com\squareup\okio\okio\2.8.0\okio-2.8.0.jar;C:\Users\Rayj\.m2\repository\org\jetbrains\kotlin\kotlin-stdlib-common\1.4.0\kotlin-stdlib-common-1.4.0.jar;C:\Users\Rayj\.m2\repository\org\jetbrains\kotlin\kotlin-stdlib\1.4.10\kotlin-stdlib-1.4.10.jar;C:\Users\Rayj\.m2\repository\org\jetbrains\annotations\13.0\annotations-13.0.jar;C:\Users\Rayj\.m2\repository\com\squareup\okhttp3\logging-interceptor\4.9.0\logging-interceptor-4.9.0.jar;C:\Users\Rayj\.m2\repository\org\jetbrains\kotlin\kotlin-stdlib-jdk8\1.4.10\kotlin-stdlib-jdk8-1.4.10.jar;C:\Users\Rayj\.m2\repository\org\jetbrains\kotlin\kotlin-stdlib-jdk7\1.4.10\kotlin-stdlib-jdk7-1.4.10.jar;C:\Users\Rayj\.m2\repository\io\reactivex\rxjava2\rxjava\2.2.2\rxjava-2.2.2.jar;C:\Users\Rayj\.m2\repository\org\reactivestreams\reactive-streams\1.0.2\reactive-streams-1.0.2.jar;C:\Users\Rayj\.m2\repository\org\java-websocket\Java-WebSocket\1.5.3\Java-WebSocket-1.5.3.jar;C:\Users\Rayj\.m2\repository\com\fasterxml\jackson\core\jackson-databind\2.14.2\jackson-databind-2.14.2.jar;C:\Users\Rayj\.m2\repository\com\fasterxml\jackson\core\jackson-annotations\2.14.2\jackson-annotations-2.14.2.jar;C:\Users\Rayj\.m2\repository\com\fasterxml\jackson\core\jackson-core\2.14.2\jackson-core-2.14.2.jar;C:\Users\Rayj\.m2\repository\org\slf4j\slf4j-api\1.7.30\slf4j-api-1.7.30.jar;C:\Users\Rayj\.m2\repository\com\google\code\gson\gson\2.9.0\gson-2.9.0.jar;C:\Users\Rayj\.m2\repository\com\alibaba\fastjson\1.2.47\fastjson-1.2.47.jar;C:\Users\Rayj\.m2\repository\org\projectlombok\lombok\1.18.4\lombok-1.18.4.jar;"/>
    <property name="sun.cpu.endian" value="little"/>
    <property name="user.home" value="C:\Users\Rayj"/>
    <property name="user.language" value="zh"/>
    <property name="java.specification.vendor" value="Oracle Corporation"/>
    <property name="java.version.date" value="2022-08-12"/>
    <property name="java.home" value="C:\Program Files\Microsoft\jdk-11.0.16.101-hotspot"/>
    <property name="file.separator" value="\"/>
    <property name="basedir" value="c:\Users\Rayj\Desktop\chain33_solo_linux_0670237\common"/>
    <property name="java.vm.compressedOopsMode" value="Zero based"/>
    <property name="line.separator" value="&#10;"/>
    <property name="java.specification.name" value="Java Platform API Specification"/>
    <property name="java.vm.specification.vendor" value="Oracle Corporation"/>
    <property name="java.awt.graphicsenv" value="sun.awt.Win32GraphicsEnvironment"/>
    <property name="surefire.real.class.path" value="C:\Users\Rayj\AppData\Local\Temp\surefire2025351139886497931\surefirebooter10388883740349668312.jar"/>
    <property name="user.script" value=""/>
    <property name="sun.management.compiler" value="HotSpot 64-Bit Tiered Compilers"/>
    <property name="java.runtime.version" value="11.0.16.1+1-LTS"/>
    <property name="user.name" value="Rayj"/>
    <property name="path.separator" value=";"/>
    <property name="os.version" value="10.0"/>
    <property name="java.runtime.name" value="OpenJDK Runtime Environment"/>
    <property name="file.encoding" value="GBK"/>
    <property name="java.vm.name" value="OpenJDK 64-Bit Server VM"/>
    <property name="java.vendor.version" value="Microsoft-40648"/>
    <property name="localRepository" value="C:\Users\Rayj\.m2\repository"/>
    <property name="java.vendor.url.bug" value="https://github.com/microsoft/openjdk/issues"/>
    <property name="java.io.tmpdir" value="C:\Users\Rayj\AppData\Local\Temp\"/>
    <property name="java.version" value="11.0.16.1"/>
    <property name="user.dir" value="c:\Users\Rayj\Desktop\chain33_solo_linux_0670237\common"/>
    <property name="os.arch" value="amd64"/>
    <property name="java.vm.specification.name" value="Java Virtual Machine Specification"/>
    <property name="java.awt.printerjob" value="sun.awt.windows.WPrinterJob"/>
    <property name="sun.os.patch.level" value=""/>
    <property name="java.library.path" value="C:\Program Files\Microsoft\jdk-11.0.16.101-hotspot\bin;C:\WINDOWS\Sun\Java\bin;C:\WINDOWS\system32;C:\WINDOWS;C:\Users\Rayj\AppData\Local\Programs\Python\Python311\Scripts\;C:\Users\Rayj\AppData\Local\Programs\Python\Python311\;C:\Program Files\Microsoft\jdk-11.0.16.101-hotspot\bin;C:\Program Files (x86)\VMware\VMware Workstation\bin\;C:\Windows\system32;C:\Windows;C:\Windows\System32\Wbem;C:\Windows\System32\WindowsPowerShell\v1.0\;C:\Windows\System32\OpenSSH\;C:\Program Files (x86)\NVIDIA Corporation\PhysX\Common;C:\Program Files\NVIDIA Corporation\NVIDIA NvDLISR;C:\WINDOWS\system32;C:\WINDOWS;C:\WINDOWS\System32\Wbem;C:\WINDOWS\System32\WindowsPowerShell\v1.0\;C:\WINDOWS\System32\OpenSSH\;C:\Program Files\MATLAB\R2022b\runtime\win64;C:\Program Files\MATLAB\R2022b\bin;C:\Program Files (x86)\NetSarang\Xshell 6\;C:\Program Files\Git\cmd;C:\Program Files (x86)\Gpg4win\..\GnuPG\bin;C:\Program Files\Microsoft SQL Server\150\Tools\Binn\;C:\Program Files\Microsoft SQL Server\Client SDK\ODBC\170\Tools\Binn\;C:\Program Files\dotnet\;C:\Program Files\CMake\bin;C:\ProgramData\chocolatey\bin;C:\Program Files\Graphviz\bin;C:\Program Files\Go\bin;C:\Program Files\nodejs\;D:\apache-maven-3.9.7\bin;C:\Users\Rayj\AppData\Local\Microsoft\WindowsApps;C:\Program Files\JetBrains\PyCharm Community Edition 2022.3.2\bin;C:\Users\Rayj\AppData\Local\Programs\Microsoft VS Code\bin;C:\texlive\2023\bin\windows;C:\bin;C:\Users\Rayj\.dotnet\tools;C:\Program Files\boost_1_82_0;C:\x86_64-w64-mingw32\bin;D:\z3\build;C:\Program Files\boost_1_82_0;C:\Program Files\boost_1_82_0\stage\lib;C:\Program Files\Geth;C:\Program Files\lighthouse;C:\Program Files\OpenSSL-Win64\bin;C:\Users\Rayj\go\bin;C:\Users\Rayj\AppData\Roaming\npm;."/>
    <property name="java.vm.info" value="mixed mode"/>
    <property name="java.vendor" value="Microsoft"/>
    <property name="java.vm.version" value="11.0.16.1+1-LTS"/>
    <property name="sun.io.unicode.encoding" value="UnicodeLittle"/>
    <property name="java.class.version" value="55.0"/>
  </properties>
  <testcase name="shouldAnswerWithTrue" classname="contract.AppTest" time="0.001"/>
</testsuite>